<?xml version="1.0" encoding="UTF-8"?>
<!-- Generated by org.testng.reporters.JUnitXMLReporter -->
<testsuite ignored="0" hostname="DESKTOP-BTP4EKH" failures="0" tests="9" name="Test" time="150.367" errors="0" timestamp="2025-03-07T10:49:22 IST">
  <testcase classname="testCases.Tc_001Accountregistration" name="verfiyacctregsiter" time="5.296"/>
  <testcase classname="testCases.TC_002Logintest" name="verifylogin" time="2.067"/>
  <testcase classname="testCases.Tc_004Logouttest" name="verifylogout" time="3.479"/>
  <testcase classname="testCases.Tc_005Forgotpassword" name="verifyforgotpassword" time="4.657"/>
  <testcase classname="testCases.Tc_006Searchproduct" name="verifyaddtocart" time="7.412"/>
  <testcase classname="testCases.TC_007Productcomparsionpage" name="verifyproductcomparsionpage" time="6.18"/>
  <testcase classname="testCases.Tc_008Wishlistpage" name="verifywishlistpage" time="6.942"/>
  <testcase classname="testCases.Tc_011Editaccounttest" name="verifyeditaccount" time="10.936"/>
  <testcase classname="testCases.Tc_012Orderhistorytest" name="verifyorderhistory" time="4.186"/>
</testsuite> <!-- Test -->
