<?xml version="1.0" encoding="UTF-8"?>
<!-- Generated by org.testng.reporters.JUnitXMLReporter -->
<testsuite ignored="0" hostname="DESKTOP-BTP4EKH" failures="0" tests="16" name="Test" time="193.429" errors="0" timestamp="2025-03-14T12:40:25 IST">
  <testcase classname="testCases.Tc_001Accountregistration" name="verfiyacctregsiter" time="3.687"/>
  <testcase classname="testCases.TC_002Logintest" name="verifylogin" time="3.474"/>
  <testcase classname="testCases.Tc_003LoginTestDDT" name="verifyloginDDT" time="3.295"/>
  <testcase classname="testCases.Tc_003LoginTestDDT" name="verifyloginDDT" time="11.658"/>
  <testcase classname="testCases.Tc_003LoginTestDDT" name="verifyloginDDT" time="4.035"/>
  <testcase classname="testCases.Tc_003LoginTestDDT" name="verifyloginDDT" time="11.95"/>
  <testcase classname="testCases.Tc_003LoginTestDDT" name="verifyloginDDT" time="11.367"/>
  <testcase classname="testCases.Tc_003LoginTestDDT" name="verifyloginDDT" time="11.023"/>
  <testcase classname="testCases.Tc_003LoginTestDDT" name="verifyloginDDT" time="11.388"/>
  <testcase classname="testCases.Tc_004Logouttest" name="verifylogout" time="2.718"/>
  <testcase classname="testCases.Tc_005Forgotpassword" name="verifyforgotpassword" time="3.036"/>
  <testcase classname="testCases.Tc_006Searchproduct" name="verifyaddtocart" time="7.436"/>
  <testcase classname="testCases.TC_007Productcomparsionpage" name="verifyproductcomparsionpage" time="5.245"/>
  <testcase classname="testCases.Tc_008Wishlistpage" name="verifywishlistpage" time="4.917"/>
  <testcase classname="testCases.Tc_011Editaccounttest" name="verifyeditaccount" time="13.865"/>
  <testcase classname="testCases.Tc_012Orderhistorytest" name="verifyorderhistory" time="3.958"/>
</testsuite> <!-- Test -->
