<?xml version="1.0" encoding="UTF-8"?>
<!-- Generated by org.testng.reporters.JUnitXMLReporter -->
<testsuite ignored="0" hostname="DESKTOP-BTP4EKH" failures="7" tests="16" name="Test" time="290.168" errors="0" timestamp="2025-04-10T13:30:37 IST">
  <testcase classname="testCases.Tc_001Accountregistration" name="verfiyacctregsiter" time="7.519"/>
  <testcase classname="testCases.TC_002Logintest" name="verifylogin" time="1.821">
    <failure type="java.lang.AssertionError" message="null">
      <![CDATA[java.lang.AssertionError: null
at testCases.TC_002Logintest.verifylogin(TC_002Logintest.java:40)
at java.base/java.util.ArrayList.forEach(ArrayList.java:1511)
... Removed 29 stack frames]]>
    </failure>
  </testcase> <!-- verifylogin -->
  <testcase classname="testCases.Tc_003LoginTestDDT" name="verifyloginDDT" time="4.063"/>
  <testcase classname="testCases.Tc_003LoginTestDDT" name="verifyloginDDT" time="10.289">
    <failure type="java.lang.AssertionError" message="null">
      <![CDATA[java.lang.AssertionError: null
at testCases.Tc_003LoginTestDDT.verifyloginDDT(Tc_003LoginTestDDT.java:69)
at java.base/java.util.ArrayList.forEach(ArrayList.java:1511)
... Removed 29 stack frames]]>
    </failure>
  </testcase> <!-- verifyloginDDT -->
  <testcase classname="testCases.Tc_003LoginTestDDT" name="verifyloginDDT" time="10.262">
    <failure type="java.lang.AssertionError" message="null">
      <![CDATA[java.lang.AssertionError: null
at testCases.Tc_003LoginTestDDT.verifyloginDDT(Tc_003LoginTestDDT.java:69)
at java.base/java.util.ArrayList.forEach(ArrayList.java:1511)
... Removed 29 stack frames]]>
    </failure>
  </testcase> <!-- verifyloginDDT -->
  <testcase classname="testCases.Tc_003LoginTestDDT" name="verifyloginDDT" time="10.564">
    <failure type="java.lang.AssertionError" message="null">
      <![CDATA[java.lang.AssertionError: null
at testCases.Tc_003LoginTestDDT.verifyloginDDT(Tc_003LoginTestDDT.java:69)
at java.base/java.util.ArrayList.forEach(ArrayList.java:1511)
... Removed 29 stack frames]]>
    </failure>
  </testcase> <!-- verifyloginDDT -->
  <testcase classname="testCases.Tc_003LoginTestDDT" name="verifyloginDDT" time="10.47">
    <failure type="java.lang.AssertionError" message="null">
      <![CDATA[java.lang.AssertionError: null
at testCases.Tc_003LoginTestDDT.verifyloginDDT(Tc_003LoginTestDDT.java:69)
at java.base/java.util.ArrayList.forEach(ArrayList.java:1511)
... Removed 29 stack frames]]>
    </failure>
  </testcase> <!-- verifyloginDDT -->
  <testcase classname="testCases.Tc_003LoginTestDDT" name="verifyloginDDT" time="10.227">
    <failure type="java.lang.AssertionError" message="null">
      <![CDATA[java.lang.AssertionError: null
at testCases.Tc_003LoginTestDDT.verifyloginDDT(Tc_003LoginTestDDT.java:69)
at java.base/java.util.ArrayList.forEach(ArrayList.java:1511)
... Removed 29 stack frames]]>
    </failure>
  </testcase> <!-- verifyloginDDT -->
  <testcase classname="testCases.Tc_003LoginTestDDT" name="verifyloginDDT" time="10.192">
    <failure type="java.lang.AssertionError" message="null">
      <![CDATA[java.lang.AssertionError: null
at testCases.Tc_003LoginTestDDT.verifyloginDDT(Tc_003LoginTestDDT.java:69)
at java.base/java.util.ArrayList.forEach(ArrayList.java:1511)
... Removed 29 stack frames]]>
    </failure>
  </testcase> <!-- verifyloginDDT -->
  <testcase classname="testCases.Tc_004Logouttest" name="verifylogout" time="4.825"/>
  <testcase classname="testCases.Tc_005Forgotpassword" name="verifyforgotpassword" time="6.142"/>
  <testcase classname="testCases.Tc_006Searchproduct" name="verifyaddtocart" time="8.664"/>
  <testcase classname="testCases.TC_007Productcomparsionpage" name="verifyproductcomparsionpage" time="11.528"/>
  <testcase classname="testCases.Tc_008Wishlistpage" name="verifywishlistpage" time="24.273"/>
  <testcase classname="testCases.Tc_011Editaccounttest" name="verifyeditaccount" time="18.357"/>
  <testcase classname="testCases.Tc_012Orderhistorytest" name="verifyorderhistory" time="8.347"/>
</testsuite> <!-- Test -->
