<?xml version="1.0" encoding="UTF-8"?>
<!-- Generated by org.testng.reporters.JUnitXMLReporter -->
<testsuite ignored="0" hostname="DESKTOP-BTP4EKH" failures="1" tests="1" name="Test" time="12.104" errors="0" timestamp="2024-10-21T11:44:17 IST">
  <testcase classname="testCases.Tc_009Shoppingcarttest" name="verifyshoppingpage" time="4.331">
    <failure type="java.lang.AssertionError" message="null">
      <![CDATA[java.lang.AssertionError: null
at testCases.Tc_009Shoppingcarttest.verifyshoppingpage(Tc_009Shoppingcarttest.java:53)
at java.base/java.util.ArrayList.forEach(ArrayList.java:1511)
... Removed 29 stack frames]]>
    </failure>
  </testcase> <!-- verifyshoppingpage -->
</testsuite> <!-- Test -->
