<?xml version="1.0" encoding="UTF-8"?>
<!-- Generated by org.testng.reporters.JUnitXMLReporter -->
<testsuite ignored="0" hostname="DESKTOP-BTP4EKH" failures="1" tests="2" name="Linux-firefox" time="517.094" errors="0" timestamp="2025-03-11T13:56:44 IST">
  <testcase classname="testCases.Tc_001Accountregistration" name="verfiyacctregsiter" time="176.708">
    <failure type="java.lang.AssertionError" message="null">
      <![CDATA[java.lang.AssertionError: null
at testCases.Tc_001Accountregistration.verfiyacctregsiter(Tc_001Accountregistration.java:57)
at java.base/java.util.ArrayList.forEach(ArrayList.java:1511)
... Removed 29 stack frames]]>
    </failure>
  </testcase> <!-- verfiyacctregsiter -->
  <testcase classname="testCases.TC_002Logintest" name="verifylogin" time="0.001">
    <skipped/>
  </testcase> <!-- verifylogin -->
</testsuite> <!-- Linux-firefox -->
