<?xml version="1.0" encoding="UTF-8"?>
<!-- Generated by org.testng.reporters.JUnitXMLReporter -->
<testsuite ignored="0" hostname="DESKTOP-BTP4EKH" failures="0" tests="7" name="Test" time="74.053" errors="0" timestamp="2025-03-13T12:55:19 IST">
  <testcase classname="testCases.Tc_003LoginTestDDT" name="verifyloginDDT" time="2.899"/>
  <testcase classname="testCases.Tc_003LoginTestDDT" name="verifyloginDDT" time="11.286"/>
  <testcase classname="testCases.Tc_003LoginTestDDT" name="verifyloginDDT" time="1.879"/>
  <testcase classname="testCases.Tc_003LoginTestDDT" name="verifyloginDDT" time="11.248"/>
  <testcase classname="testCases.Tc_003LoginTestDDT" name="verifyloginDDT" time="11.181"/>
  <testcase classname="testCases.Tc_003LoginTestDDT" name="verifyloginDDT" time="11.236"/>
  <testcase classname="testCases.Tc_003LoginTestDDT" name="verifyloginDDT" time="11.124"/>
</testsuite> <!-- Test -->
