<?xml version="1.0" encoding="UTF-8"?>
<testng-results ignored="0" total="11" passed="9" failed="2" skipped="0">
  <reporter-output>
  </reporter-output>
  <suite started-at="2025-03-06T11:43:40 IST" name="Master suite" finished-at="2025-03-06T11:46:31 IST" duration-ms="171649">
    <groups>
      <group name="Master">
        <method signature="TC_002Logintest.verifylogin()[pri:0, instance:testCases.TC_002Logintest@5b58ed3c]" name="verifylogin" class="testCases.TC_002Logintest"/>
        <method signature="TC_007Productcomparsionpage.verifyproductcomparsionpage()[pri:0, instance:testCases.TC_007Productcomparsionpage@7813cb11]" name="verifyproductcomparsionpage" class="testCases.TC_007Productcomparsionpage"/>
        <method signature="Tc_001Accountregistration.verfiyacctregsiter()[pri:0, instance:testCases.Tc_001Accountregistration@63648ee9]" name="verfiyacctregsiter" class="testCases.Tc_001Accountregistration"/>
        <method signature="Tc_004Logouttest.verifylogout()[pri:0, instance:testCases.Tc_004Logouttest@24faea88]" name="verifylogout" class="testCases.Tc_004Logouttest"/>
        <method signature="Tc_005Forgotpassword.verifyforgotpassword()[pri:0, instance:testCases.Tc_005Forgotpassword@3a320ade]" name="verifyforgotpassword" class="testCases.Tc_005Forgotpassword"/>
        <method signature="Tc_006Searchproduct.verifyaddtocart()[pri:0, instance:testCases.Tc_006Searchproduct@64beebb7]" name="verifyaddtocart" class="testCases.Tc_006Searchproduct"/>
        <method signature="Tc_008Wishlistpage.verifywishlistpage()[pri:0, instance:testCases.Tc_008Wishlistpage@bcec031]" name="verifywishlistpage" class="testCases.Tc_008Wishlistpage"/>
        <method signature="Tc_009Shoppingcarttest.verifyshoppingpage()[pri:0, instance:testCases.Tc_009Shoppingcarttest@21005f6c]" name="verifyshoppingpage" class="testCases.Tc_009Shoppingcarttest"/>
        <method signature="Tc_011Editaccounttest.verifyeditaccount()[pri:0, instance:testCases.Tc_011Editaccounttest@32f0fba8]" name="verifyeditaccount" class="testCases.Tc_011Editaccounttest"/>
        <method signature="Tc_012Orderhistorytest.verifyorderhistory()[pri:0, instance:testCases.Tc_012Orderhistorytest@545de5a4]" name="verifyorderhistory" class="testCases.Tc_012Orderhistorytest"/>
        <method signature="Tc_013Productreturntest.verifyproductreturn()[pri:0, instance:testCases.Tc_013Productreturntest@29ef6856]" name="verifyproductreturn" class="testCases.Tc_013Productreturntest"/>
      </group> <!-- Master -->
      <group name="Sanity">
        <method signature="Tc_001Accountregistration.verfiyacctregsiter()[pri:0, instance:testCases.Tc_001Accountregistration@63648ee9]" name="verfiyacctregsiter" class="testCases.Tc_001Accountregistration"/>
      </group> <!-- Sanity -->
      <group name="Regression">
        <method signature="TC_002Logintest.verifylogin()[pri:0, instance:testCases.TC_002Logintest@5b58ed3c]" name="verifylogin" class="testCases.TC_002Logintest"/>
        <method signature="Tc_004Logouttest.verifylogout()[pri:0, instance:testCases.Tc_004Logouttest@24faea88]" name="verifylogout" class="testCases.Tc_004Logouttest"/>
      </group> <!-- Regression -->
    </groups>
    <test started-at="2025-03-06T11:43:40 IST" name="Test" finished-at="2025-03-06T11:46:31 IST" duration-ms="171649">
      <class name="testCases.Tc_009Shoppingcarttest">
        <test-method is-config="true" signature="setup(java.lang.String,java.lang.String)[pri:0, instance:testCases.Tc_009Shoppingcarttest@21005f6c]" started-at="2025-03-06T11:45:13 IST" name="setup" finished-at="2025-03-06T11:45:21 IST" duration-ms="8493" status="PASS">
          <params>
            <param index="0">
              <value>
                <![CDATA[windows]]>
              </value>
            </param>
            <param index="1">
              <value>
                <![CDATA[chrome]]>
              </value>
            </param>
          </params>
          <reporter-output>
          </reporter-output>
        </test-method> <!-- setup -->
        <test-method signature="verifyshoppingpage()[pri:0, instance:testCases.Tc_009Shoppingcarttest@21005f6c]" started-at="2025-03-06T11:45:21 IST" name="verifyshoppingpage" finished-at="2025-03-06T11:45:26 IST" duration-ms="5286" status="FAIL">
          <exception class="java.lang.AssertionError">
            <message>
              <![CDATA[null]]>
            </message>
            <full-stacktrace>
              <![CDATA[java.lang.AssertionError: null
at org.testng.Assert.fail(Assert.java:111)
at org.testng.Assert.fail(Assert.java:116)
at testCases.Tc_009Shoppingcarttest.verifyshoppingpage(Tc_009Shoppingcarttest.java:53)
at java.base/jdk.internal.reflect.NativeMethodAccessorImpl.invoke0(Native Method)
at java.base/jdk.internal.reflect.NativeMethodAccessorImpl.invoke(NativeMethodAccessorImpl.java:77)
at java.base/jdk.internal.reflect.DelegatingMethodAccessorImpl.invoke(DelegatingMethodAccessorImpl.java:43)
at java.base/java.lang.reflect.Method.invoke(Method.java:568)
at org.testng.internal.invokers.MethodInvocationHelper.invokeMethod(MethodInvocationHelper.java:139)
at org.testng.internal.invokers.TestInvoker.invokeMethod(TestInvoker.java:664)
at org.testng.internal.invokers.TestInvoker.invokeTestMethod(TestInvoker.java:227)
at org.testng.internal.invokers.MethodRunner.runInSequence(MethodRunner.java:50)
at org.testng.internal.invokers.TestInvoker$MethodInvocationAgent.invoke(TestInvoker.java:957)
at org.testng.internal.invokers.TestInvoker.invokeTestMethods(TestInvoker.java:200)
at org.testng.internal.invokers.TestMethodWorker.invokeTestMethods(TestMethodWorker.java:148)
at org.testng.internal.invokers.TestMethodWorker.run(TestMethodWorker.java:128)
at java.base/java.util.ArrayList.forEach(ArrayList.java:1511)
at org.testng.TestRunner.privateRun(TestRunner.java:848)
at org.testng.TestRunner.run(TestRunner.java:621)
at org.testng.SuiteRunner.runTest(SuiteRunner.java:443)
at org.testng.SuiteRunner.runSequentially(SuiteRunner.java:437)
at org.testng.SuiteRunner.privateRun(SuiteRunner.java:397)
at org.testng.SuiteRunner.run(SuiteRunner.java:336)
at org.testng.SuiteRunnerWorker.runSuite(SuiteRunnerWorker.java:52)
at org.testng.SuiteRunnerWorker.run(SuiteRunnerWorker.java:95)
at org.testng.TestNG.runSuitesSequentially(TestNG.java:1280)
at org.testng.TestNG.runSuitesLocally(TestNG.java:1200)
at org.testng.TestNG.runSuites(TestNG.java:1114)
at org.testng.TestNG.run(TestNG.java:1082)
at org.apache.maven.surefire.testng.TestNGExecutor.run(TestNGExecutor.java:308)
at org.apache.maven.surefire.testng.TestNGXmlTestSuite.execute(TestNGXmlTestSuite.java:71)
at org.apache.maven.surefire.testng.TestNGProvider.invoke(TestNGProvider.java:113)
at org.apache.maven.surefire.booter.ForkedBooter.runSuitesInProcess(ForkedBooter.java:385)
at org.apache.maven.surefire.booter.ForkedBooter.execute(ForkedBooter.java:162)
at org.apache.maven.surefire.booter.ForkedBooter.run(ForkedBooter.java:507)
at org.apache.maven.surefire.booter.ForkedBooter.main(ForkedBooter.java:495)
]]>
            </full-stacktrace>
          </exception> <!-- java.lang.AssertionError -->
          <reporter-output>
          </reporter-output>
        </test-method> <!-- verifyshoppingpage -->
      </class> <!-- testCases.Tc_009Shoppingcarttest -->
      <class name="testCases.Tc_005Forgotpassword">
        <test-method is-config="true" signature="setup(java.lang.String,java.lang.String)[pri:0, instance:testCases.Tc_005Forgotpassword@3a320ade]" started-at="2025-03-06T11:44:08 IST" name="setup" finished-at="2025-03-06T11:44:17 IST" duration-ms="9035" status="PASS">
          <params>
            <param index="0">
              <value>
                <![CDATA[windows]]>
              </value>
            </param>
            <param index="1">
              <value>
                <![CDATA[chrome]]>
              </value>
            </param>
          </params>
          <reporter-output>
          </reporter-output>
        </test-method> <!-- setup -->
        <test-method signature="verifyforgotpassword()[pri:0, instance:testCases.Tc_005Forgotpassword@3a320ade]" started-at="2025-03-06T11:44:17 IST" name="verifyforgotpassword" finished-at="2025-03-06T11:44:25 IST" duration-ms="7412" status="PASS">
          <reporter-output>
          </reporter-output>
        </test-method> <!-- verifyforgotpassword -->
      </class> <!-- testCases.Tc_005Forgotpassword -->
      <class name="testCases.Tc_012Orderhistorytest">
        <test-method is-config="true" signature="setup(java.lang.String,java.lang.String)[pri:0, instance:testCases.Tc_012Orderhistorytest@545de5a4]" started-at="2025-03-06T11:45:49 IST" name="setup" finished-at="2025-03-06T11:46:04 IST" duration-ms="14740" status="PASS">
          <params>
            <param index="0">
              <value>
                <![CDATA[windows]]>
              </value>
            </param>
            <param index="1">
              <value>
                <![CDATA[chrome]]>
              </value>
            </param>
          </params>
          <reporter-output>
          </reporter-output>
        </test-method> <!-- setup -->
        <test-method signature="verifyorderhistory()[pri:0, instance:testCases.Tc_012Orderhistorytest@545de5a4]" started-at="2025-03-06T11:46:04 IST" name="verifyorderhistory" finished-at="2025-03-06T11:46:08 IST" duration-ms="4257" status="PASS">
          <reporter-output>
          </reporter-output>
        </test-method> <!-- verifyorderhistory -->
      </class> <!-- testCases.Tc_012Orderhistorytest -->
      <class name="testCases.Tc_001Accountregistration">
        <test-method is-config="true" signature="setup(java.lang.String,java.lang.String)[pri:0, instance:testCases.Tc_001Accountregistration@63648ee9]" started-at="2025-03-06T11:43:40 IST" name="setup" finished-at="2025-03-06T11:43:47 IST" duration-ms="6382" status="PASS">
          <params>
            <param index="0">
              <value>
                <![CDATA[windows]]>
              </value>
            </param>
            <param index="1">
              <value>
                <![CDATA[chrome]]>
              </value>
            </param>
          </params>
          <reporter-output>
          </reporter-output>
        </test-method> <!-- setup -->
        <test-method signature="verfiyacctregsiter()[pri:0, instance:testCases.Tc_001Accountregistration@63648ee9]" started-at="2025-03-06T11:43:47 IST" name="verfiyacctregsiter" finished-at="2025-03-06T11:43:51 IST" duration-ms="3846" status="PASS">
          <reporter-output>
          </reporter-output>
        </test-method> <!-- verfiyacctregsiter -->
      </class> <!-- testCases.Tc_001Accountregistration -->
      <class name="testCases.Tc_013Productreturntest">
        <test-method is-config="true" signature="setup(java.lang.String,java.lang.String)[pri:0, instance:testCases.Tc_013Productreturntest@29ef6856]" started-at="2025-03-06T11:46:08 IST" name="setup" finished-at="2025-03-06T11:46:16 IST" duration-ms="7714" status="PASS">
          <params>
            <param index="0">
              <value>
                <![CDATA[windows]]>
              </value>
            </param>
            <param index="1">
              <value>
                <![CDATA[chrome]]>
              </value>
            </param>
          </params>
          <reporter-output>
          </reporter-output>
        </test-method> <!-- setup -->
        <test-method signature="verifyproductreturn()[pri:0, instance:testCases.Tc_013Productreturntest@29ef6856]" started-at="2025-03-06T11:46:16 IST" name="verifyproductreturn" finished-at="2025-03-06T11:46:31 IST" duration-ms="14839" status="FAIL">
          <exception class="java.lang.AssertionError">
            <message>
              <![CDATA[null]]>
            </message>
            <full-stacktrace>
              <![CDATA[java.lang.AssertionError: null
at org.testng.Assert.fail(Assert.java:111)
at org.testng.Assert.fail(Assert.java:116)
at testCases.Tc_013Productreturntest.verifyproductreturn(Tc_013Productreturntest.java:58)
at java.base/jdk.internal.reflect.NativeMethodAccessorImpl.invoke0(Native Method)
at java.base/jdk.internal.reflect.NativeMethodAccessorImpl.invoke(NativeMethodAccessorImpl.java:77)
at java.base/jdk.internal.reflect.DelegatingMethodAccessorImpl.invoke(DelegatingMethodAccessorImpl.java:43)
at java.base/java.lang.reflect.Method.invoke(Method.java:568)
at org.testng.internal.invokers.MethodInvocationHelper.invokeMethod(MethodInvocationHelper.java:139)
at org.testng.internal.invokers.TestInvoker.invokeMethod(TestInvoker.java:664)
at org.testng.internal.invokers.TestInvoker.invokeTestMethod(TestInvoker.java:227)
at org.testng.internal.invokers.MethodRunner.runInSequence(MethodRunner.java:50)
at org.testng.internal.invokers.TestInvoker$MethodInvocationAgent.invoke(TestInvoker.java:957)
at org.testng.internal.invokers.TestInvoker.invokeTestMethods(TestInvoker.java:200)
at org.testng.internal.invokers.TestMethodWorker.invokeTestMethods(TestMethodWorker.java:148)
at org.testng.internal.invokers.TestMethodWorker.run(TestMethodWorker.java:128)
at java.base/java.util.ArrayList.forEach(ArrayList.java:1511)
at org.testng.TestRunner.privateRun(TestRunner.java:848)
at org.testng.TestRunner.run(TestRunner.java:621)
at org.testng.SuiteRunner.runTest(SuiteRunner.java:443)
at org.testng.SuiteRunner.runSequentially(SuiteRunner.java:437)
at org.testng.SuiteRunner.privateRun(SuiteRunner.java:397)
at org.testng.SuiteRunner.run(SuiteRunner.java:336)
at org.testng.SuiteRunnerWorker.runSuite(SuiteRunnerWorker.java:52)
at org.testng.SuiteRunnerWorker.run(SuiteRunnerWorker.java:95)
at org.testng.TestNG.runSuitesSequentially(TestNG.java:1280)
at org.testng.TestNG.runSuitesLocally(TestNG.java:1200)
at org.testng.TestNG.runSuites(TestNG.java:1114)
at org.testng.TestNG.run(TestNG.java:1082)
at org.apache.maven.surefire.testng.TestNGExecutor.run(TestNGExecutor.java:308)
at org.apache.maven.surefire.testng.TestNGXmlTestSuite.execute(TestNGXmlTestSuite.java:71)
at org.apache.maven.surefire.testng.TestNGProvider.invoke(TestNGProvider.java:113)
at org.apache.maven.surefire.booter.ForkedBooter.runSuitesInProcess(ForkedBooter.java:385)
at org.apache.maven.surefire.booter.ForkedBooter.execute(ForkedBooter.java:162)
at org.apache.maven.surefire.booter.ForkedBooter.run(ForkedBooter.java:507)
at org.apache.maven.surefire.booter.ForkedBooter.main(ForkedBooter.java:495)
]]>
            </full-stacktrace>
          </exception> <!-- java.lang.AssertionError -->
          <reporter-output>
          </reporter-output>
        </test-method> <!-- verifyproductreturn -->
      </class> <!-- testCases.Tc_013Productreturntest -->
      <class name="testCases.Tc_011Editaccounttest">
        <test-method is-config="true" signature="setup(java.lang.String,java.lang.String)[pri:0, instance:testCases.Tc_011Editaccounttest@32f0fba8]" started-at="2025-03-06T11:45:27 IST" name="setup" finished-at="2025-03-06T11:45:35 IST" duration-ms="8560" status="PASS">
          <params>
            <param index="0">
              <value>
                <![CDATA[windows]]>
              </value>
            </param>
            <param index="1">
              <value>
                <![CDATA[chrome]]>
              </value>
            </param>
          </params>
          <reporter-output>
          </reporter-output>
        </test-method> <!-- setup -->
        <test-method signature="verifyeditaccount()[pri:0, instance:testCases.Tc_011Editaccounttest@32f0fba8]" started-at="2025-03-06T11:45:35 IST" name="verifyeditaccount" finished-at="2025-03-06T11:45:49 IST" duration-ms="13988" status="PASS">
          <reporter-output>
          </reporter-output>
        </test-method> <!-- verifyeditaccount -->
      </class> <!-- testCases.Tc_011Editaccounttest -->
      <class name="testCases.Tc_006Searchproduct">
        <test-method is-config="true" signature="setup(java.lang.String,java.lang.String)[pri:0, instance:testCases.Tc_006Searchproduct@64beebb7]" started-at="2025-03-06T11:44:25 IST" name="setup" finished-at="2025-03-06T11:44:37 IST" duration-ms="12653" status="PASS">
          <params>
            <param index="0">
              <value>
                <![CDATA[windows]]>
              </value>
            </param>
            <param index="1">
              <value>
                <![CDATA[chrome]]>
              </value>
            </param>
          </params>
          <reporter-output>
          </reporter-output>
        </test-method> <!-- setup -->
        <test-method signature="verifyaddtocart()[pri:0, instance:testCases.Tc_006Searchproduct@64beebb7]" started-at="2025-03-06T11:44:37 IST" name="verifyaddtocart" finished-at="2025-03-06T11:44:43 IST" duration-ms="5481" status="PASS">
          <reporter-output>
          </reporter-output>
        </test-method> <!-- verifyaddtocart -->
      </class> <!-- testCases.Tc_006Searchproduct -->
      <class name="testCases.Tc_008Wishlistpage">
        <test-method is-config="true" signature="setup(java.lang.String,java.lang.String)[pri:0, instance:testCases.Tc_008Wishlistpage@bcec031]" started-at="2025-03-06T11:45:02 IST" name="setup" finished-at="2025-03-06T11:45:08 IST" duration-ms="6528" status="PASS">
          <params>
            <param index="0">
              <value>
                <![CDATA[windows]]>
              </value>
            </param>
            <param index="1">
              <value>
                <![CDATA[chrome]]>
              </value>
            </param>
          </params>
          <reporter-output>
          </reporter-output>
        </test-method> <!-- setup -->
        <test-method signature="verifywishlistpage()[pri:0, instance:testCases.Tc_008Wishlistpage@bcec031]" started-at="2025-03-06T11:45:08 IST" name="verifywishlistpage" finished-at="2025-03-06T11:45:13 IST" duration-ms="4516" status="PASS">
          <reporter-output>
          </reporter-output>
        </test-method> <!-- verifywishlistpage -->
      </class> <!-- testCases.Tc_008Wishlistpage -->
      <class name="testCases.TC_007Productcomparsionpage">
        <test-method is-config="true" signature="setup(java.lang.String,java.lang.String)[pri:0, instance:testCases.TC_007Productcomparsionpage@7813cb11]" started-at="2025-03-06T11:44:43 IST" name="setup" finished-at="2025-03-06T11:44:50 IST" duration-ms="7280" status="PASS">
          <params>
            <param index="0">
              <value>
                <![CDATA[windows]]>
              </value>
            </param>
            <param index="1">
              <value>
                <![CDATA[chrome]]>
              </value>
            </param>
          </params>
          <reporter-output>
          </reporter-output>
        </test-method> <!-- setup -->
        <test-method signature="verifyproductcomparsionpage()[pri:0, instance:testCases.TC_007Productcomparsionpage@7813cb11]" started-at="2025-03-06T11:44:50 IST" name="verifyproductcomparsionpage" finished-at="2025-03-06T11:45:02 IST" duration-ms="11581" status="PASS">
          <reporter-output>
          </reporter-output>
        </test-method> <!-- verifyproductcomparsionpage -->
      </class> <!-- testCases.TC_007Productcomparsionpage -->
      <class name="testCases.TC_002Logintest">
        <test-method is-config="true" signature="setup(java.lang.String,java.lang.String)[pri:0, instance:testCases.TC_002Logintest@5b58ed3c]" started-at="2025-03-06T11:43:51 IST" name="setup" finished-at="2025-03-06T11:43:56 IST" duration-ms="4830" status="PASS">
          <params>
            <param index="0">
              <value>
                <![CDATA[windows]]>
              </value>
            </param>
            <param index="1">
              <value>
                <![CDATA[chrome]]>
              </value>
            </param>
          </params>
          <reporter-output>
          </reporter-output>
        </test-method> <!-- setup -->
        <test-method signature="verifylogin()[pri:0, instance:testCases.TC_002Logintest@5b58ed3c]" started-at="2025-03-06T11:43:56 IST" name="verifylogin" finished-at="2025-03-06T11:43:58 IST" duration-ms="1993" status="PASS">
          <reporter-output>
          </reporter-output>
        </test-method> <!-- verifylogin -->
      </class> <!-- testCases.TC_002Logintest -->
      <class name="testCases.Tc_004Logouttest">
        <test-method is-config="true" signature="setup(java.lang.String,java.lang.String)[pri:0, instance:testCases.Tc_004Logouttest@24faea88]" started-at="2025-03-06T11:43:58 IST" name="setup" finished-at="2025-03-06T11:44:04 IST" duration-ms="6324" status="PASS">
          <params>
            <param index="0">
              <value>
                <![CDATA[windows]]>
              </value>
            </param>
            <param index="1">
              <value>
                <![CDATA[chrome]]>
              </value>
            </param>
          </params>
          <reporter-output>
          </reporter-output>
        </test-method> <!-- setup -->
        <test-method signature="verifylogout()[pri:0, instance:testCases.Tc_004Logouttest@24faea88]" started-at="2025-03-06T11:44:04 IST" name="verifylogout" finished-at="2025-03-06T11:44:08 IST" duration-ms="4275" status="PASS">
          <reporter-output>
          </reporter-output>
        </test-method> <!-- verifylogout -->
      </class> <!-- testCases.Tc_004Logouttest -->
    </test> <!-- Test -->
  </suite> <!-- Master suite -->
</testng-results>
