<?xml version="1.0" encoding="UTF-8"?>
<testsuite xmlns:xsi="http://www.w3.org/2001/XMLSchema-instance" xsi:noNamespaceSchemaLocation="https://maven.apache.org/surefire/maven-surefire-plugin/xsd/surefire-test-report-3.0.xsd" version="3.0" name="TestSuite" time="195.504" tests="16" errors="0" skipped="0" failures="0">
  <properties>
[...]
</properties>
  <testcase name="verfiyacctregsiter" classname="testCases.Tc_001Accountregistration" time="3.642">
    <system-err><![CDATA[Mar 13, 2025 12:56:25 PM org.openqa.selenium.devtools.CdpVersionFinder findNearestMatch
WARNING: Unable to find CDP implementation matching 134
Mar 13, 2025 12:56:25 PM org.openqa.selenium.chromium.ChromiumDriver lambda$new$5
WARNING: Unable to find version of CDP to use for 134.0.6998.36. You may need to include a dependency on a specific version of the CDP using something similar to `org.seleniumhq.selenium:selenium-devtools-v86:4.24.0` where the version ("v86") matches the version of the chromium-based browser you're using and the version number of the artifact is the same as Selenium's.
]]></system-err>
  </testcase>
  <testcase name="verifylogin" classname="testCases.TC_002Logintest" time="2.52">
    <system-err><![CDATA[Mar 13, 2025 12:56:35 PM org.openqa.selenium.devtools.CdpVersionFinder findNearestMatch
WARNING: Unable to find CDP implementation matching 134
Mar 13, 2025 12:56:35 PM org.openqa.selenium.chromium.ChromiumDriver lambda$new$5
WARNING: Unable to find version of CDP to use for 134.0.6998.36. You may need to include a dependency on a specific version of the CDP using something similar to `org.seleniumhq.selenium:selenium-devtools-v86:4.24.0` where the version ("v86") matches the version of the chromium-based browser you're using and the version number of the artifact is the same as Selenium's.
]]></system-err>
  </testcase>
  <testcase name="verifyloginDDT[pavanoltraining@gmail.com, test@123, Valid](1)" classname="testCases.Tc_003LoginTestDDT" time="3.235">
    <system-err><![CDATA[Mar 13, 2025 12:56:42 PM org.openqa.selenium.devtools.CdpVersionFinder findNearestMatch
WARNING: Unable to find CDP implementation matching 134
Mar 13, 2025 12:56:42 PM org.openqa.selenium.chromium.ChromiumDriver lambda$new$5
WARNING: Unable to find version of CDP to use for 134.0.6998.36. You may need to include a dependency on a specific version of the CDP using something similar to `org.seleniumhq.selenium:selenium-devtools-v86:4.24.0` where the version ("v86") matches the version of the chromium-based browser you're using and the version number of the artifact is the same as Selenium's.
]]></system-err>
  </testcase>
  <testcase name="verifyloginDDT[lakshmi@yahoo.com, Laxmi, Invalid](2)" classname="testCases.Tc_003LoginTestDDT" time="12.394"/>
  <testcase name="verifyloginDDT[laksh@yahoo.com, Lakshmi, Valid](3)" classname="testCases.Tc_003LoginTestDDT" time="3.223"/>
  <testcase name="verifyloginDDT[laks@yahoo.com, xyz, Invalid](4)" classname="testCases.Tc_003LoginTestDDT" time="12.191"/>
  <testcase name="verifyloginDDT[abc123@gmail.com, test@123, Invalid](5)" classname="testCases.Tc_003LoginTestDDT" time="11.334"/>
  <testcase name="verifyloginDDT[, King@123, Invalid](6)" classname="testCases.Tc_003LoginTestDDT" time="11.275"/>
  <testcase name="verifyloginDDT[King123@gmail.com, , Invalid](7)" classname="testCases.Tc_003LoginTestDDT" time="11.352"/>
  <testcase name="verifylogout" classname="testCases.Tc_004Logouttest" time="2.984">
    <system-err><![CDATA[Mar 13, 2025 12:57:57 PM org.openqa.selenium.devtools.CdpVersionFinder findNearestMatch
WARNING: Unable to find CDP implementation matching 134
Mar 13, 2025 12:57:57 PM org.openqa.selenium.chromium.ChromiumDriver lambda$new$5
WARNING: Unable to find version of CDP to use for 134.0.6998.36. You may need to include a dependency on a specific version of the CDP using something similar to `org.seleniumhq.selenium:selenium-devtools-v86:4.24.0` where the version ("v86") matches the version of the chromium-based browser you're using and the version number of the artifact is the same as Selenium's.
]]></system-err>
  </testcase>
  <testcase name="verifyforgotpassword" classname="testCases.Tc_005Forgotpassword" time="3.889">
    <system-out><![CDATA[Confirmation link An email with a confirmation link has been sent your email address.
]]></system-out>
    <system-err><![CDATA[Mar 13, 2025 12:58:06 PM org.openqa.selenium.devtools.CdpVersionFinder findNearestMatch
WARNING: Unable to find CDP implementation matching 134
Mar 13, 2025 12:58:06 PM org.openqa.selenium.chromium.ChromiumDriver lambda$new$5
WARNING: Unable to find version of CDP to use for 134.0.6998.36. You may need to include a dependency on a specific version of the CDP using something similar to `org.seleniumhq.selenium:selenium-devtools-v86:4.24.0` where the version ("v86") matches the version of the chromium-based browser you're using and the version number of the artifact is the same as Selenium's.
]]></system-err>
  </testcase>
  <testcase name="verifyaddtocart" classname="testCases.Tc_006Searchproduct" time="4.575">
    <system-err><![CDATA[Mar 13, 2025 12:58:19 PM org.openqa.selenium.devtools.CdpVersionFinder findNearestMatch
WARNING: Unable to find CDP implementation matching 134
Mar 13, 2025 12:58:19 PM org.openqa.selenium.chromium.ChromiumDriver lambda$new$5
WARNING: Unable to find version of CDP to use for 134.0.6998.36. You may need to include a dependency on a specific version of the CDP using something similar to `org.seleniumhq.selenium:selenium-devtools-v86:4.24.0` where the version ("v86") matches the version of the chromium-based browser you're using and the version number of the artifact is the same as Selenium's.
]]></system-err>
  </testcase>
  <testcase name="verifyproductcomparsionpage" classname="testCases.TC_007Productcomparsionpage" time="10.232">
    <system-err><![CDATA[Mar 13, 2025 12:58:30 PM org.openqa.selenium.devtools.CdpVersionFinder findNearestMatch
WARNING: Unable to find CDP implementation matching 134
Mar 13, 2025 12:58:30 PM org.openqa.selenium.chromium.ChromiumDriver lambda$new$5
WARNING: Unable to find version of CDP to use for 134.0.6998.36. You may need to include a dependency on a specific version of the CDP using something similar to `org.seleniumhq.selenium:selenium-devtools-v86:4.24.0` where the version ("v86") matches the version of the chromium-based browser you're using and the version number of the artifact is the same as Selenium's.
]]></system-err>
  </testcase>
  <testcase name="verifywishlistpage" classname="testCases.Tc_008Wishlistpage" time="7.779">
    <system-err><![CDATA[Mar 13, 2025 12:58:49 PM org.openqa.selenium.devtools.CdpVersionFinder findNearestMatch
WARNING: Unable to find CDP implementation matching 134
Mar 13, 2025 12:58:49 PM org.openqa.selenium.chromium.ChromiumDriver lambda$new$5
WARNING: Unable to find version of CDP to use for 134.0.6998.36. You may need to include a dependency on a specific version of the CDP using something similar to `org.seleniumhq.selenium:selenium-devtools-v86:4.24.0` where the version ("v86") matches the version of the chromium-based browser you're using and the version number of the artifact is the same as Selenium's.
]]></system-err>
  </testcase>
  <testcase name="verifyeditaccount" classname="testCases.Tc_011Editaccounttest" time="10.833">
    <system-out><![CDATA[Account details are updatedSuccess: Your account has been successfully updated.
]]></system-out>
    <system-err><![CDATA[Mar 13, 2025 12:59:01 PM org.openqa.selenium.devtools.CdpVersionFinder findNearestMatch
WARNING: Unable to find CDP implementation matching 134
Mar 13, 2025 12:59:01 PM org.openqa.selenium.chromium.ChromiumDriver lambda$new$5
WARNING: Unable to find version of CDP to use for 134.0.6998.36. You may need to include a dependency on a specific version of the CDP using something similar to `org.seleniumhq.selenium:selenium-devtools-v86:4.24.0` where the version ("v86") matches the version of the chromium-based browser you're using and the version number of the artifact is the same as Selenium's.
]]></system-err>
  </testcase>
  <testcase name="verifyorderhistory" classname="testCases.Tc_012Orderhistorytest" time="4.843">
    <system-err><![CDATA[Mar 13, 2025 12:59:20 PM org.openqa.selenium.devtools.CdpVersionFinder findNearestMatch
WARNING: Unable to find CDP implementation matching 134
Mar 13, 2025 12:59:20 PM org.openqa.selenium.chromium.ChromiumDriver lambda$new$5
WARNING: Unable to find version of CDP to use for 134.0.6998.36. You may need to include a dependency on a specific version of the CDP using something similar to `org.seleniumhq.selenium:selenium-devtools-v86:4.24.0` where the version ("v86") matches the version of the chromium-based browser you're using and the version number of the artifact is the same as Selenium's.
]]></system-err>
  </testcase>
</testsuite>