<?xml version="1.0" encoding="UTF-8"?>
<testng-results ignored="0" total="7" passed="7" failed="0" skipped="0">
  <reporter-output>
  </reporter-output>
  <suite started-at="2025-03-13T12:54:02 IST" name="Suite" finished-at="2025-03-13T12:55:16 IST" duration-ms="74053">
    <groups>
    </groups>
    <test started-at="2025-03-13T12:54:02 IST" name="Test" finished-at="2025-03-13T12:55:16 IST" duration-ms="74053">
      <class name="testCases.Tc_003LoginTestDDT">
        <test-method is-config="true" signature="setup(java.lang.String,java.lang.String)[pri:0, instance:testCases.Tc_003LoginTestDDT@ce5a68e]" started-at="2025-03-13T12:54:02 IST" name="setup" finished-at="2025-03-13T12:54:11 IST" duration-ms="8942" status="PASS">
          <params>
            <param index="0">
              <value>
                <![CDATA[windows]]>
              </value>
            </param>
            <param index="1">
              <value>
                <![CDATA[chrome]]>
              </value>
            </param>
          </params>
          <reporter-output>
          </reporter-output>
        </test-method> <!-- setup -->
        <test-method signature="verifyloginDDT(java.lang.String,java.lang.String,java.lang.String)[pri:0, instance:testCases.Tc_003LoginTestDDT@ce5a68e]" started-at="2025-03-13T12:54:15 IST" name="verifyloginDDT" data-provider="LoginData" finished-at="2025-03-13T12:54:18 IST" duration-ms="2899" status="PASS">
          <params>
            <param index="0">
              <value>
                <![CDATA[pavanoltraining@gmail.com]]>
              </value>
            </param>
            <param index="1">
              <value>
                <![CDATA[test@123]]>
              </value>
            </param>
            <param index="2">
              <value>
                <![CDATA[Valid]]>
              </value>
            </param>
          </params>
          <reporter-output>
          </reporter-output>
        </test-method> <!-- verifyloginDDT -->
        <test-method signature="verifyloginDDT(java.lang.String,java.lang.String,java.lang.String)[pri:0, instance:testCases.Tc_003LoginTestDDT@ce5a68e]" started-at="2025-03-13T12:54:18 IST" name="verifyloginDDT" data-provider="LoginData" finished-at="2025-03-13T12:54:29 IST" duration-ms="11286" status="PASS">
          <params>
            <param index="0">
              <value>
                <![CDATA[lakshmi@yahoo.com]]>
              </value>
            </param>
            <param index="1">
              <value>
                <![CDATA[Laxmi]]>
              </value>
            </param>
            <param index="2">
              <value>
                <![CDATA[Invalid]]>
              </value>
            </param>
          </params>
          <reporter-output>
          </reporter-output>
        </test-method> <!-- verifyloginDDT -->
        <test-method signature="verifyloginDDT(java.lang.String,java.lang.String,java.lang.String)[pri:0, instance:testCases.Tc_003LoginTestDDT@ce5a68e]" started-at="2025-03-13T12:54:29 IST" name="verifyloginDDT" data-provider="LoginData" finished-at="2025-03-13T12:54:31 IST" duration-ms="1879" status="PASS">
          <params>
            <param index="0">
              <value>
                <![CDATA[laksh@yahoo.com]]>
              </value>
            </param>
            <param index="1">
              <value>
                <![CDATA[Lakshmi]]>
              </value>
            </param>
            <param index="2">
              <value>
                <![CDATA[Valid]]>
              </value>
            </param>
          </params>
          <reporter-output>
          </reporter-output>
        </test-method> <!-- verifyloginDDT -->
        <test-method signature="verifyloginDDT(java.lang.String,java.lang.String,java.lang.String)[pri:0, instance:testCases.Tc_003LoginTestDDT@ce5a68e]" started-at="2025-03-13T12:54:31 IST" name="verifyloginDDT" data-provider="LoginData" finished-at="2025-03-13T12:54:42 IST" duration-ms="11248" status="PASS">
          <params>
            <param index="0">
              <value>
                <![CDATA[laks@yahoo.com]]>
              </value>
            </param>
            <param index="1">
              <value>
                <![CDATA[xyz]]>
              </value>
            </param>
            <param index="2">
              <value>
                <![CDATA[Invalid]]>
              </value>
            </param>
          </params>
          <reporter-output>
          </reporter-output>
        </test-method> <!-- verifyloginDDT -->
        <test-method signature="verifyloginDDT(java.lang.String,java.lang.String,java.lang.String)[pri:0, instance:testCases.Tc_003LoginTestDDT@ce5a68e]" started-at="2025-03-13T12:54:42 IST" name="verifyloginDDT" data-provider="LoginData" finished-at="2025-03-13T12:54:54 IST" duration-ms="11181" status="PASS">
          <params>
            <param index="0">
              <value>
                <![CDATA[abc123@gmail.com]]>
              </value>
            </param>
            <param index="1">
              <value>
                <![CDATA[test@123]]>
              </value>
            </param>
            <param index="2">
              <value>
                <![CDATA[Invalid]]>
              </value>
            </param>
          </params>
          <reporter-output>
          </reporter-output>
        </test-method> <!-- verifyloginDDT -->
        <test-method signature="verifyloginDDT(java.lang.String,java.lang.String,java.lang.String)[pri:0, instance:testCases.Tc_003LoginTestDDT@ce5a68e]" started-at="2025-03-13T12:54:54 IST" name="verifyloginDDT" data-provider="LoginData" finished-at="2025-03-13T12:55:05 IST" duration-ms="11236" status="PASS">
          <params>
            <param index="0">
              <value>
                <![CDATA[]]>
              </value>
            </param>
            <param index="1">
              <value>
                <![CDATA[King@123]]>
              </value>
            </param>
            <param index="2">
              <value>
                <![CDATA[Invalid]]>
              </value>
            </param>
          </params>
          <reporter-output>
          </reporter-output>
        </test-method> <!-- verifyloginDDT -->
        <test-method signature="verifyloginDDT(java.lang.String,java.lang.String,java.lang.String)[pri:0, instance:testCases.Tc_003LoginTestDDT@ce5a68e]" started-at="2025-03-13T12:55:05 IST" name="verifyloginDDT" data-provider="LoginData" finished-at="2025-03-13T12:55:16 IST" duration-ms="11124" status="PASS">
          <params>
            <param index="0">
              <value>
                <![CDATA[King123@gmail.com]]>
              </value>
            </param>
            <param index="1">
              <value>
                <![CDATA[]]>
              </value>
            </param>
            <param index="2">
              <value>
                <![CDATA[Invalid]]>
              </value>
            </param>
          </params>
          <reporter-output>
          </reporter-output>
        </test-method> <!-- verifyloginDDT -->
      </class> <!-- testCases.Tc_003LoginTestDDT -->
    </test> <!-- Test -->
  </suite> <!-- Suite -->
</testng-results>
